 INFO: nweb starting:2020:424
 INFO: nweb starting:2020:1198
 INFO: nweb starting:2020:1745
 INFO: nweb starting:2020:2319
 INFO: nweb starting:2020:2906
 INFO: nweb starting:2020:3254
 INFO: nweb starting:2020:3459
 INFO: nweb starting:2020:3741
 INFO: nweb starting:2020:3959
 INFO: nweb starting:2020:4380
 INFO: nweb starting:2020:4608
 INFO: nweb starting:2020:4875
 INFO: nweb starting:2020:5775
 INFO: nweb starting:2020:6093
 INFO: nweb starting:2020:6322
 INFO: nweb starting:2020:6527
 INFO: nweb starting:2020:6906
FORBIDDEN: failed to read browser request:
FORBIDDEN: failed to read browser request:
FORBIDDEN: failed to read browser request:
FORBIDDEN: failed to read browser request:
FORBIDDEN: failed to read browser request:
FORBIDDEN: failed to read browser request:
FORBIDDEN: failed to read browser request:
FORBIDDEN: failed to read browser request:
FORBIDDEN: failed to read browser request:
FORBIDDEN: failed to read browser request:
FORBIDDEN: failed to read browser request:
FORBIDDEN: failed to read browser request:
FORBIDDEN: failed to read browser request:
 INFO: nweb starting:8504:7207
FORBIDDEN: failed to read browser request:
FORBIDDEN: failed to read browser request:
FORBIDDEN: failed to read browser request:
FORBIDDEN: failed to read browser request:
FORBIDDEN: failed to read browser request:
FORBIDDEN: failed to read browser request:
FORBIDDEN: failed to read browser request:
FORBIDDEN: failed to read browser request:
FORBIDDEN: failed to read browser request:
FORBIDDEN: failed to read browser request:
FORBIDDEN: failed to read browser request:
FORBIDDEN: failed to read browser request:
FORBIDDEN: failed to read browser request:
FORBIDDEN: failed to read browser request:
FORBIDDEN: failed to read browser request:
FORBIDDEN: failed to read browser request:
FORBIDDEN: failed to read browser request:
FORBIDDEN: failed to read browser request:
FORBIDDEN: failed to read browser request:
FORBIDDEN: failed to read browser request:
FORBIDDEN: failed to read browser request:
FORBIDDEN: failed to read browser request:
FORBIDDEN: failed to read browser request:
FORBIDDEN: failed to read browser request:
FORBIDDEN: failed to read browser request:
FORBIDDEN: failed to read browser request:
FORBIDDEN: failed to read browser request:
FORBIDDEN: failed to read browser request:
FORBIDDEN: failed to read browser request:
FORBIDDEN: failed to read browser request:
FORBIDDEN: failed to read browser request:
FORBIDDEN: failed to read browser request:
FORBIDDEN: failed to read browser request:
FORBIDDEN: failed to read browser request:
FORBIDDEN: failed to read browser request:
FORBIDDEN: failed to read browser request:
FORBIDDEN: failed to read browser request:
FORBIDDEN: failed to read browser request:
FORBIDDEN: failed to read browser request:
FORBIDDEN: failed to read browser request:
FORBIDDEN: failed to read browser request:
FORBIDDEN: failed to read browser request:
FORBIDDEN: failed to read browser request:
FORBIDDEN: failed to read browser request:
FORBIDDEN: failed to read browser request:
FORBIDDEN: failed to read browser request:
FORBIDDEN: failed to read browser request:
FORBIDDEN: failed to read browser request:
FORBIDDEN: failed to read browser request:
FORBIDDEN: failed to read browser request:
FORBIDDEN: failed to read browser request:
FORBIDDEN: failed to read browser request:
FORBIDDEN: failed to read browser request:
FORBIDDEN: failed to read browser request:
FORBIDDEN: failed to read browser request:
FORBIDDEN: failed to read browser request:
FORBIDDEN: failed to read browser request:
FORBIDDEN: failed to read browser request:
FORBIDDEN: failed to read browser request:
FORBIDDEN: failed to read browser request:
FORBIDDEN: failed to read browser request:
FORBIDDEN: failed to read browser request:
FORBIDDEN: failed to read browser request:
FORBIDDEN: failed to read browser request:
FORBIDDEN: failed to read browser request:
FORBIDDEN: failed to read browser request:
FORBIDDEN: failed to read browser request:
FORBIDDEN: failed to read browser request:
FORBIDDEN: failed to read browser request:
FORBIDDEN: failed to read browser request:
FORBIDDEN: failed to read browser request:
FORBIDDEN: failed to read browser request:
FORBIDDEN: failed to read browser request:
FORBIDDEN: failed to read browser request:
FORBIDDEN: failed to read browser request:
FORBIDDEN: failed to read browser request:
FORBIDDEN: failed to read browser request:
FORBIDDEN: failed to read browser request:
FORBIDDEN: failed to read browser request:
 INFO: nweb starting:2020:7485
FORBIDDEN: failed to read browser request:
FORBIDDEN: failed to read browser request:
FORBIDDEN: failed to read browser request:
FORBIDDEN: failed to read browser request:
FORBIDDEN: failed to read browser request:
FORBIDDEN: failed to read browser request:
FORBIDDEN: failed to read browser request:
FORBIDDEN: failed to read browser request:
FORBIDDEN: failed to read browser request:
FORBIDDEN: failed to read browser request:
FORBIDDEN: failed to read browser request:
FORBIDDEN: failed to read browser request:
FORBIDDEN: failed to read browser request:
FORBIDDEN: failed to read browser request:
FORBIDDEN: failed to read browser request:
FORBIDDEN: failed to read browser request:
FORBIDDEN: failed to read browser request:
 INFO: request:GET /index.htm HTTP/1.0****:1
NOT FOUND: failed to open file:index.htm
FORBIDDEN: failed to read browser request:
FORBIDDEN: failed to read browser request:
FORBIDDEN: failed to read browser request:
FORBIDDEN: failed to read browser request:
FORBIDDEN: failed to read browser request:
FORBIDDEN: failed to read browser request:
FORBIDDEN: failed to read browser request:
FORBIDDEN: failed to read browser request:
FORBIDDEN: failed to read browser request:
FORBIDDEN: failed to read browser request:
FORBIDDEN: failed to read browser request:
FORBIDDEN: failed to read browser request:
FORBIDDEN: failed to read browser request:
FORBIDDEN: failed to read browser request:
FORBIDDEN: failed to read browser request:
FORBIDDEN: failed to read browser request:
FORBIDDEN: failed to read browser request:
FORBIDDEN: failed to read browser request:
FORBIDDEN: failed to read browser request:
FORBIDDEN: failed to read browser request:
FORBIDDEN: failed to read browser request:
FORBIDDEN: failed to read browser request:
FORBIDDEN: failed to read browser request:
FORBIDDEN: failed to read browser request:
FORBIDDEN: failed to read browser request:
FORBIDDEN: failed to read browser request:
FORBIDDEN: failed to read browser request:
FORBIDDEN: failed to read browser request:
FORBIDDEN: failed to read browser request:
FORBIDDEN: failed to read browser request:
FORBIDDEN: failed to read browser request:
FORBIDDEN: failed to read browser request:
FORBIDDEN: failed to read browser request:
FORBIDDEN: failed to read browser request:
FORBIDDEN: failed to read browser request:
FORBIDDEN: failed to read browser request:
FORBIDDEN: failed to read browser request:
FORBIDDEN: failed to read browser request:
FORBIDDEN: failed to read browser request:
FORBIDDEN: failed to read browser request:
FORBIDDEN: failed to read browser request:
FORBIDDEN: failed to read browser request:
FORBIDDEN: failed to read browser request:
FORBIDDEN: failed to read browser request:
FORBIDDEN: failed to read browser request:
FORBIDDEN: failed to read browser request:
FORBIDDEN: failed to read browser request:
FORBIDDEN: failed to read browser request:
FORBIDDEN: failed to read browser request:
FORBIDDEN: failed to read browser request:
FORBIDDEN: failed to read browser request:
 INFO: nweb starting:2020:26193
FORBIDDEN: failed to read browser request:
FORBIDDEN: failed to read browser request:
FORBIDDEN: failed to read browser request:
FORBIDDEN: failed to read browser request:
FORBIDDEN: failed to read browser request:
FORBIDDEN: failed to read browser request:
FORBIDDEN: failed to read browser request:
FORBIDDEN: failed to read browser request:
FORBIDDEN: failed to read browser request:
FORBIDDEN: failed to read browser request:
FORBIDDEN: failed to read browser request:
FORBIDDEN: failed to read browser request:
FORBIDDEN: failed to read browser request:
FORBIDDEN: failed to read browser request:
FORBIDDEN: failed to read browser request:
FORBIDDEN: failed to read browser request:
FORBIDDEN: failed to read browser request:
FORBIDDEN: failed to read browser request:
FORBIDDEN: failed to read browser request:
FORBIDDEN: failed to read browser request:
FORBIDDEN: failed to read browser request:
FORBIDDEN: failed to read browser request:
FORBIDDEN: failed to read browser request:
FORBIDDEN: failed to read browser request:
FORBIDDEN: failed to read browser request:
FORBIDDEN: failed to read browser request:
FORBIDDEN: failed to read browser request:
FORBIDDEN: failed to read browser request:
FORBIDDEN: failed to read browser request:
FORBIDDEN: failed to read browser request:
FORBIDDEN: failed to read browser request:
FORBIDDEN: failed to read browser request:
FORBIDDEN: failed to read browser request:
FORBIDDEN: failed to read browser request:
FORBIDDEN: failed to read browser request:
FORBIDDEN: failed to read browser request:
FORBIDDEN: failed to read browser request:
FORBIDDEN: failed to read browser request:
FORBIDDEN: failed to read browser request:
FORBIDDEN: failed to read browser request:
FORBIDDEN: failed to read browser request:
FORBIDDEN: failed to read browser request:
FORBIDDEN: failed to read browser request:
FORBIDDEN: failed to read browser request:
FORBIDDEN: failed to read browser request:
FORBIDDEN: failed to read browser request:
FORBIDDEN: failed to read browser request:
FORBIDDEN: failed to read browser request:
FORBIDDEN: failed to read browser request:
FORBIDDEN: failed to read browser request:
FORBIDDEN: failed to read browser request:
FORBIDDEN: failed to read browser request:
FORBIDDEN: failed to read browser request:
FORBIDDEN: failed to read browser request:
FORBIDDEN: failed to read browser request:
FORBIDDEN: failed to read browser request:
FORBIDDEN: failed to read browser request:
FORBIDDEN: failed to read browser request:
FORBIDDEN: failed to read browser request:
FORBIDDEN: failed to read browser request:
FORBIDDEN: failed to read browser request:
FORBIDDEN: failed to read browser request:
FORBIDDEN: failed to read browser request:
FORBIDDEN: failed to read browser request:
FORBIDDEN: failed to read browser request:
FORBIDDEN: failed to read browser request:
FORBIDDEN: failed to read browser request:
FORBIDDEN: failed to read browser request:
FORBIDDEN: failed to read browser request:
FORBIDDEN: failed to read browser request:
FORBIDDEN: failed to read browser request:
FORBIDDEN: failed to read browser request:
FORBIDDEN: failed to read browser request:
FORBIDDEN: failed to read browser request:
FORBIDDEN: failed to read browser request:
FORBIDDEN: failed to read browser request:
FORBIDDEN: failed to read browser request:
FORBIDDEN: failed to read browser request:
FORBIDDEN: failed to read browser request:
FORBIDDEN: failed to read browser request:
FORBIDDEN: failed to read browser request:
FORBIDDEN: failed to read browser request:
FORBIDDEN: failed to read browser request:
FORBIDDEN: failed to read browser request:
 INFO: nweb starting:2020:26468
FORBIDDEN: failed to read browser request:
FORBIDDEN: failed to read browser request:
FORBIDDEN: failed to read browser request:
FORBIDDEN: failed to read browser request:
FORBIDDEN: failed to read browser request:
FORBIDDEN: failed to read browser request:
FORBIDDEN: failed to read browser request:
FORBIDDEN: failed to read browser request:
FORBIDDEN: failed to read browser request:
FORBIDDEN: failed to read browser request:
FORBIDDEN: failed to read browser request:
FORBIDDEN: failed to read browser request:
FORBIDDEN: failed to read browser request:
FORBIDDEN: failed to read browser request:
 INFO: nweb starting:2020:26553
FORBIDDEN: failed to read browser request:
FORBIDDEN: failed to read browser request:
FORBIDDEN: failed to read browser request:
FORBIDDEN: failed to read browser request:
FORBIDDEN: failed to read browser request:
FORBIDDEN: failed to read browser request:
FORBIDDEN: failed to read browser request:
FORBIDDEN: failed to read browser request:
FORBIDDEN: failed to read browser request:
FORBIDDEN: failed to read browser request:
FORBIDDEN: failed to read browser request:
FORBIDDEN: failed to read browser request:
FORBIDDEN: failed to read browser request:
FORBIDDEN: failed to read browser request:
FORBIDDEN: failed to read browser request:
FORBIDDEN: failed to read browser request:
FORBIDDEN: failed to read browser request:
FORBIDDEN: failed to read browser request:
FORBIDDEN: failed to read browser request:
FORBIDDEN: failed to read browser request:
FORBIDDEN: failed to read browser request:
FORBIDDEN: failed to read browser request:
FORBIDDEN: failed to read browser request:
FORBIDDEN: failed to read browser request:
FORBIDDEN: failed to read browser request:
FORBIDDEN: failed to read browser request:
FORBIDDEN: failed to read browser request:
FORBIDDEN: failed to read browser request:
FORBIDDEN: failed to read browser request:
FORBIDDEN: failed to read browser request:
FORBIDDEN: failed to read browser request:
FORBIDDEN: failed to read browser request:
FORBIDDEN: failed to read browser request:
FORBIDDEN: failed to read browser request:
FORBIDDEN: failed to read browser request:
FORBIDDEN: failed to read browser request:
FORBIDDEN: failed to read browser request:
FORBIDDEN: failed to read browser request:
FORBIDDEN: failed to read browser request:
FORBIDDEN: failed to read browser request:
FORBIDDEN: failed to read browser request:
FORBIDDEN: failed to read browser request:
FORBIDDEN: failed to read browser request:
FORBIDDEN: failed to read browser request:
FORBIDDEN: failed to read browser request:
FORBIDDEN: failed to read browser request:
FORBIDDEN: failed to read browser request:
FORBIDDEN: failed to read browser request:
FORBIDDEN: failed to read browser request:
FORBIDDEN: failed to read browser request:
FORBIDDEN: failed to read browser request:
FORBIDDEN: failed to read browser request:
FORBIDDEN: failed to read browser request:
FORBIDDEN: failed to read browser request:
FORBIDDEN: failed to read browser request:
FORBIDDEN: failed to read browser request:
FORBIDDEN: failed to read browser request:
FORBIDDEN: failed to read browser request:
FORBIDDEN: failed to read browser request:
FORBIDDEN: failed to read browser request:
FORBIDDEN: failed to read browser request:
FORBIDDEN: failed to read browser request:
FORBIDDEN: failed to read browser request:
FORBIDDEN: failed to read browser request:
FORBIDDEN: failed to read browser request:
FORBIDDEN: failed to read browser request:
FORBIDDEN: failed to read browser request:
FORBIDDEN: failed to read browser request:
FORBIDDEN: failed to read browser request:
FORBIDDEN: failed to read browser request:
FORBIDDEN: failed to read browser request:
FORBIDDEN: failed to read browser request:
FORBIDDEN: failed to read browser request:
FORBIDDEN: failed to read browser request:
FORBIDDEN: failed to read browser request:FORBIDDEN: failed to read browser request:

FORBIDDEN: failed to read browser request:
FORBIDDEN: failed to read browser request:
FORBIDDEN: failed to read browser request:
FORBIDDEN: failed to read browser request:
FORBIDDEN: failed to read browser request:
FORBIDDEN: failed to read browser request:
FORBIDDEN: failed to read browser request:
FORBIDDEN: failed to read browser request:
FORBIDDEN: failed to read browser request:
FORBIDDEN: failed to read browser request:
FORBIDDEN: failed to read browser request:
FORBIDDEN: failed to read browser request:
FORBIDDEN: failed to read browser request:
FORBIDDEN: failed to read browser request:
FORBIDDEN: failed to read browser request:
FORBIDDEN: failed to read browser request:
FORBIDDEN: failed to read browser request:
FORBIDDEN: failed to read browser request:
 INFO: nweb starting:2020:27139
FORBIDDEN: failed to read browser request:
FORBIDDEN: failed to read browser request:
FORBIDDEN: failed to read browser request:
FORBIDDEN: failed to read browser request:
 INFO: nweb starting:2020:27295
FORBIDDEN: failed to read browser request:FORBIDDEN: failed to read browser request:

FORBIDDEN: failed to read browser request:
FORBIDDEN: failed to read browser request:
 INFO: nweb starting:2020:27400
FORBIDDEN: failed to read browser request:
FORBIDDEN: failed to read browser request:
FORBIDDEN: failed to read browser request:
FORBIDDEN: failed to read browser request:
FORBIDDEN: failed to read browser request:FORBIDDEN: failed to read browser request:

FORBIDDEN: failed to read browser request:
FORBIDDEN: failed to read browser request:
FORBIDDEN: failed to read browser request:
FORBIDDEN: failed to read browser request:
FORBIDDEN: failed to read browser request:
FORBIDDEN: failed to read browser request:
FORBIDDEN: failed to read browser request:
FORBIDDEN: failed to read browser request:
FORBIDDEN: failed to read browser request:
FORBIDDEN: failed to read browser request:
FORBIDDEN: failed to read browser request:
FORBIDDEN: failed to read browser request:
FORBIDDEN: failed to read browser request:
FORBIDDEN: failed to read browser request:
FORBIDDEN: failed to read browser request:
FORBIDDEN: failed to read browser request:
FORBIDDEN: failed to read browser request:
FORBIDDEN: failed to read browser request:
FORBIDDEN: failed to read browser request:
FORBIDDEN: failed to read browser request:
FORBIDDEN: failed to read browser request:
FORBIDDEN: failed to read browser request:
FORBIDDEN: failed to read browser request:
FORBIDDEN: failed to read browser request:
FORBIDDEN: failed to read browser request:
FORBIDDEN: failed to read browser request:
FORBIDDEN: failed to read browser request:
FORBIDDEN: failed to read browser request:
FORBIDDEN: failed to read browser request:
FORBIDDEN: failed to read browser request:
FORBIDDEN: failed to read browser request:
FORBIDDEN: failed to read browser request:
FORBIDDEN: failed to read browser request:
FORBIDDEN: failed to read browser request:
FORBIDDEN: failed to read browser request:
FORBIDDEN: failed to read browser request:
FORBIDDEN: failed to read browser request:
FORBIDDEN: failed to read browser request:
FORBIDDEN: failed to read browser request:
FORBIDDEN: failed to read browser request:
FORBIDDEN: failed to read browser request:
FORBIDDEN: failed to read browser request:
FORBIDDEN: failed to read browser request:
FORBIDDEN: failed to read browser request:
FORBIDDEN: failed to read browser request:
FORBIDDEN: failed to read browser request:
FORBIDDEN: failed to read browser request:
FORBIDDEN: failed to read browser request:
FORBIDDEN: failed to read browser request:
FORBIDDEN: failed to read browser request:
FORBIDDEN: failed to read browser request:
FORBIDDEN: failed to read browser request:
FORBIDDEN: failed to read browser request:
FORBIDDEN: failed to read browser request:
FORBIDDEN: failed to read browser request:
FORBIDDEN: failed to read browser request:
FORBIDDEN: failed to read browser request:
FORBIDDEN: failed to read browser request:
FORBIDDEN: failed to read browser request:
FORBIDDEN: failed to read browser request:
FORBIDDEN: failed to read browser request:
FORBIDDEN: failed to read browser request:
FORBIDDEN: failed to read browser request:
FORBIDDEN: failed to read browser request:
FORBIDDEN: failed to read browser request:
FORBIDDEN: failed to read browser request:
FORBIDDEN: failed to read browser request:
FORBIDDEN: failed to read browser request:
FORBIDDEN: failed to read browser request:
FORBIDDEN: failed to read browser request:
FORBIDDEN: failed to read browser request:
FORBIDDEN: failed to read browser request:
FORBIDDEN: failed to read browser request:
FORBIDDEN: failed to read browser request:
FORBIDDEN: failed to read browser request:
FORBIDDEN: failed to read browser request:
FORBIDDEN: failed to read browser request:
FORBIDDEN: failed to read browser request:
FORBIDDEN: failed to read browser request:
FORBIDDEN: failed to read browser request:
FORBIDDEN: failed to read browser request:
FORBIDDEN: failed to read browser request:
FORBIDDEN: failed to read browser request:
FORBIDDEN: failed to read browser request:
FORBIDDEN: failed to read browser request:
FORBIDDEN: failed to read browser request:
FORBIDDEN: failed to read browser request:
FORBIDDEN: failed to read browser request:
FORBIDDEN: failed to read browser request:
FORBIDDEN: failed to read browser request:
FORBIDDEN: failed to read browser request:
FORBIDDEN: failed to read browser request:
FORBIDDEN: failed to read browser request:
FORBIDDEN: failed to read browser request:
FORBIDDEN: failed to read browser request:
FORBIDDEN: failed to read browser request:
FORBIDDEN: failed to read browser request:
FORBIDDEN: failed to read browser request:
FORBIDDEN: failed to read browser request:
FORBIDDEN: failed to read browser request:
FORBIDDEN: failed to read browser request:
FORBIDDEN: failed to read browser request:
FORBIDDEN: failed to read browser request:
FORBIDDEN: failed to read browser request:
FORBIDDEN: failed to read browser request:
FORBIDDEN: failed to read browser request:
FORBIDDEN: failed to read browser request:
FORBIDDEN: failed to read browser request:
FORBIDDEN: failed to read browser request:
FORBIDDEN: failed to read browser request:
FORBIDDEN: failed to read browser request:
FORBIDDEN: failed to read browser request:
FORBIDDEN: failed to read browser request:
FORBIDDEN: failed to read browser request:
FORBIDDEN: failed to read browser request:
FORBIDDEN: failed to read browser request:
FORBIDDEN: failed to read browser request:
FORBIDDEN: failed to read browser request:
FORBIDDEN: failed to read browser request:
FORBIDDEN: failed to read browser request:
FORBIDDEN: failed to read browser request:
FORBIDDEN: failed to read browser request:
FORBIDDEN: failed to read browser request:FORBIDDEN: failed to read browser request:

FORBIDDEN: failed to read browser request:
FORBIDDEN: failed to read browser request:
FORBIDDEN: failed to read browser request:
FORBIDDEN: failed to read browser request:
FORBIDDEN: failed to read browser request:
FORBIDDEN: failed to read browser request:
FORBIDDEN: failed to read browser request:
FORBIDDEN: failed to read browser request:
FORBIDDEN: failed to read browser request:
FORBIDDEN: failed to read browser request:
FORBIDDEN: failed to read browser request:FORBIDDEN: failed to read browser request:

FORBIDDEN: failed to read browser request:
FORBIDDEN: failed to read browser request:
 INFO: nweb starting:2020:28142
FORBIDDEN: failed to read browser request:
FORBIDDEN: failed to read browser request:
 INFO: request:GET /index.htm HTTP/1.1**Host: localhost:2020**Connection: keep-alive**Cache-Control: max-age=0**Upgrade-Insecure-Requests: 1**DNT: 1**User-Agent: Mozilla/5.0 (Windows NT 10.0; Win64; x64) AppleWebKit/537.36 (KHTML, like Gecko) Chrome/80.0.3987.132 Safari/537.36**Sec-Fetch-Dest: document**Accept: text/html,application/xhtml+xml,application/xml;q=0.9,image/webp,image/apng,*/*;q=0.8,application/signed-exchange;v=b3;q=0.9**Sec-Fetch-Site: cross-site**Sec-Fetch-Mode: navigate**Accept-Encoding: gzip, deflate, br**Accept-Language: en-US,en;q=0.9,he;q=0.8****:1
NOT FOUND: failed to open file:index.htm
FORBIDDEN: failed to read browser request:
FORBIDDEN: failed to read browser request:
FORBIDDEN: failed to read browser request:
FORBIDDEN: failed to read browser request:
FORBIDDEN: failed to read browser request:
FORBIDDEN: failed to read browser request:
FORBIDDEN: failed to read browser request:
FORBIDDEN: failed to read browser request:
FORBIDDEN: failed to read browser request:
FORBIDDEN: failed to read browser request:
FORBIDDEN: failed to read browser request:
FORBIDDEN: failed to read browser request:
FORBIDDEN: failed to read browser request:
 INFO: nweb starting:2020:29439
FORBIDDEN: failed to read browser request:
FORBIDDEN: failed to read browser request:
FORBIDDEN: failed to read browser request:
FORBIDDEN: failed to read browser request:
FORBIDDEN: failed to read browser request:
FORBIDDEN: failed to read browser request:
FORBIDDEN: failed to read browser request:
FORBIDDEN: failed to read browser request:
FORBIDDEN: failed to read browser request:
FORBIDDEN: failed to read browser request:
FORBIDDEN: failed to read browser request:
FORBIDDEN: failed to read browser request:
FORBIDDEN: failed to read browser request:
FORBIDDEN: failed to read browser request:
FORBIDDEN: failed to read browser request:
FORBIDDEN: failed to read browser request:
FORBIDDEN: failed to read browser request:
FORBIDDEN: failed to read browser request:
 INFO: nweb starting:2020:30315
FORBIDDEN: failed to read browser request:
FORBIDDEN: failed to read browser request:
FORBIDDEN: failed to read browser request:
FORBIDDEN: failed to read browser request:
FORBIDDEN: failed to read browser request:
FORBIDDEN: failed to read browser request:
FORBIDDEN: failed to read browser request:
FORBIDDEN: failed to read browser request:
FORBIDDEN: failed to read browser request:
FORBIDDEN: failed to read browser request:
FORBIDDEN: failed to read browser request:
FORBIDDEN: failed to read browser request:
FORBIDDEN: failed to read browser request:
FORBIDDEN: failed to read browser request:
FORBIDDEN: failed to read browser request:
FORBIDDEN: failed to read browser request:
FORBIDDEN: failed to read browser request:
FORBIDDEN: failed to read browser request:
FORBIDDEN: failed to read browser request:
FORBIDDEN: failed to read browser request:
FORBIDDEN: failed to read browser request:
FORBIDDEN: failed to read browser request:
FORBIDDEN: failed to read browser request:
FORBIDDEN: failed to read browser request:
FORBIDDEN: failed to read browser request:
FORBIDDEN: failed to read browser request:
FORBIDDEN: failed to read browser request:
FORBIDDEN: failed to read browser request:
FORBIDDEN: failed to read browser request:
FORBIDDEN: failed to read browser request:
FORBIDDEN: failed to read browser request:
FORBIDDEN: failed to read browser request:
FORBIDDEN: failed to read browser request:
FORBIDDEN: failed to read browser request:
FORBIDDEN: failed to read browser request:
FORBIDDEN: failed to read browser request:
FORBIDDEN: failed to read browser request:
FORBIDDEN: failed to read browser request:
FORBIDDEN: failed to read browser request:
FORBIDDEN: failed to read browser request:
FORBIDDEN: failed to read browser request:
FORBIDDEN: failed to read browser request:
FORBIDDEN: failed to read browser request:
FORBIDDEN: failed to read browser request:
FORBIDDEN: failed to read browser request:
FORBIDDEN: failed to read browser request:
FORBIDDEN: failed to read browser request:
FORBIDDEN: failed to read browser request:
FORBIDDEN: failed to read browser request:
FORBIDDEN: failed to read browser request:
FORBIDDEN: failed to read browser request:
FORBIDDEN: failed to read browser request:
FORBIDDEN: failed to read browser request:
FORBIDDEN: failed to read browser request:
FORBIDDEN: failed to read browser request:
FORBIDDEN: failed to read browser request:
FORBIDDEN: failed to read browser request:
FORBIDDEN: failed to read browser request:
FORBIDDEN: failed to read browser request:
FORBIDDEN: failed to read browser request:
FORBIDDEN: failed to read browser request:
FORBIDDEN: failed to read browser request:
FORBIDDEN: failed to read browser request:
FORBIDDEN: failed to read browser request:
FORBIDDEN: failed to read browser request:
FORBIDDEN: failed to read browser request:
FORBIDDEN: failed to read browser request:
FORBIDDEN: failed to read browser request:
FORBIDDEN: failed to read browser request:
FORBIDDEN: failed to read browser request:
FORBIDDEN: failed to read browser request:
FORBIDDEN: failed to read browser request:
FORBIDDEN: failed to read browser request:
FORBIDDEN: failed to read browser request:
FORBIDDEN: failed to read browser request:
FORBIDDEN: failed to read browser request:
FORBIDDEN: failed to read browser request:
FORBIDDEN: failed to read browser request:
FORBIDDEN: failed to read browser request:
FORBIDDEN: failed to read browser request:
FORBIDDEN: failed to read browser request:
FORBIDDEN: failed to read browser request:
FORBIDDEN: failed to read browser request:
FORBIDDEN: failed to read browser request:
FORBIDDEN: failed to read browser request:
FORBIDDEN: failed to read browser request:
FORBIDDEN: failed to read browser request:
FORBIDDEN: failed to read browser request:
FORBIDDEN: failed to read browser request:
FORBIDDEN: failed to read browser request:
FORBIDDEN: failed to read browser request:
FORBIDDEN: failed to read browser request:
FORBIDDEN: failed to read browser request:
FORBIDDEN: failed to read browser request:
FORBIDDEN: failed to read browser request:
FORBIDDEN: failed to read browser request:
FORBIDDEN: failed to read browser request:
FORBIDDEN: failed to read browser request:
FORBIDDEN: failed to read browser request:
FORBIDDEN: failed to read browser request:
FORBIDDEN: failed to read browser request:FORBIDDEN: failed to read browser request:

FORBIDDEN: failed to read browser request:FORBIDDEN: failed to read browser request:

FORBIDDEN: failed to read browser request:FORBIDDEN: failed to read browser request:

FORBIDDEN: failed to read browser request:
FORBIDDEN: failed to read browser request:
FORBIDDEN: failed to read browser request:
FORBIDDEN: failed to read browser request:
FORBIDDEN: failed to read browser request:
FORBIDDEN: failed to read browser request:
FORBIDDEN: failed to read browser request:
FORBIDDEN: failed to read browser request:
FORBIDDEN: failed to read browser request:
FORBIDDEN: failed to read browser request:
FORBIDDEN: failed to read browser request:
FORBIDDEN: failed to read browser request:
FORBIDDEN: failed to read browser request:
FORBIDDEN: failed to read browser request:
FORBIDDEN: failed to read browser request:
FORBIDDEN: failed to read browser request:
FORBIDDEN: failed to read browser request:
FORBIDDEN: failed to read browser request:
FORBIDDEN: failed to read browser request:
FORBIDDEN: failed to read browser request:
FORBIDDEN: failed to read browser request:
FORBIDDEN: failed to read browser request:
FORBIDDEN: failed to read browser request:
FORBIDDEN: failed to read browser request:
FORBIDDEN: failed to read browser request:
FORBIDDEN: failed to read browser request:
FORBIDDEN: failed to read browser request:
FORBIDDEN: failed to read browser request:
FORBIDDEN: failed to read browser request:
FORBIDDEN: failed to read browser request:
FORBIDDEN: failed to read browser request:
FORBIDDEN: failed to read browser request:
FORBIDDEN: failed to read browser request:
FORBIDDEN: failed to read browser request:
FORBIDDEN: failed to read browser request:
FORBIDDEN: failed to read browser request:
FORBIDDEN: failed to read browser request:
FORBIDDEN: failed to read browser request:
FORBIDDEN: failed to read browser request:
FORBIDDEN: failed to read browser request:
FORBIDDEN: failed to read browser request:
FORBIDDEN: failed to read browser request:
FORBIDDEN: failed to read browser request:
FORBIDDEN: failed to read browser request:
FORBIDDEN: failed to read browser request:
FORBIDDEN: failed to read browser request:
FORBIDDEN: failed to read browser request:
FORBIDDEN: failed to read browser request:
FORBIDDEN: failed to read browser request:
FORBIDDEN: failed to read browser request:
FORBIDDEN: failed to read browser request:
FORBIDDEN: failed to read browser request:
FORBIDDEN: failed to read browser request:
FORBIDDEN: failed to read browser request:
FORBIDDEN: failed to read browser request:
FORBIDDEN: failed to read browser request:
FORBIDDEN: failed to read browser request:
FORBIDDEN: failed to read browser request:
FORBIDDEN: failed to read browser request:
FORBIDDEN: failed to read browser request:
FORBIDDEN: failed to read browser request:
FORBIDDEN: failed to read browser request:
FORBIDDEN: failed to read browser request:
FORBIDDEN: failed to read browser request:
FORBIDDEN: failed to read browser request:
FORBIDDEN: failed to read browser request:
FORBIDDEN: failed to read browser request:
FORBIDDEN: failed to read browser request:
FORBIDDEN: failed to read browser request:
FORBIDDEN: failed to read browser request:
FORBIDDEN: failed to read browser request:
FORBIDDEN: failed to read browser request:
 INFO: nweb starting:2020:30636
FORBIDDEN: failed to read browser request:
FORBIDDEN: failed to read browser request:
FORBIDDEN: failed to read browser request:
FORBIDDEN: failed to read browser request:
FORBIDDEN: failed to read browser request:
FORBIDDEN: failed to read browser request:
FORBIDDEN: failed to read browser request:
FORBIDDEN: failed to read browser request:
FORBIDDEN: failed to read browser request:
FORBIDDEN: failed to read browser request:
FORBIDDEN: failed to read browser request:
FORBIDDEN: failed to read browser request:
FORBIDDEN: failed to read browser request:
FORBIDDEN: failed to read browser request:
FORBIDDEN: failed to read browser request:
FORBIDDEN: failed to read browser request:
FORBIDDEN: failed to read browser request:
FORBIDDEN: failed to read browser request:
FORBIDDEN: failed to read browser request:
FORBIDDEN: failed to read browser request:
FORBIDDEN: failed to read browser request:
FORBIDDEN: failed to read browser request:
FORBIDDEN: failed to read browser request:
FORBIDDEN: failed to read browser request:
FORBIDDEN: failed to read browser request:
FORBIDDEN: failed to read browser request:
 INFO: nweb starting:2020:31097
FORBIDDEN: failed to read browser request:
FORBIDDEN: failed to read browser request:
FORBIDDEN: failed to read browser request:
FORBIDDEN: failed to read browser request:
FORBIDDEN: failed to read browser request:
FORBIDDEN: failed to read browser request:
FORBIDDEN: failed to read browser request:
FORBIDDEN: failed to read browser request:
FORBIDDEN: failed to read browser request:
FORBIDDEN: failed to read browser request:
FORBIDDEN: failed to read browser request:
FORBIDDEN: failed to read browser request:
FORBIDDEN: failed to read browser request:
FORBIDDEN: failed to read browser request:
FORBIDDEN: failed to read browser request:
FORBIDDEN: failed to read browser request:
FORBIDDEN: failed to read browser request:
FORBIDDEN: failed to read browser request:
FORBIDDEN: failed to read browser request:
FORBIDDEN: failed to read browser request:
FORBIDDEN: failed to read browser request:
FORBIDDEN: failed to read browser request:
FORBIDDEN: failed to read browser request:
FORBIDDEN: failed to read browser request:
FORBIDDEN: failed to read browser request:
FORBIDDEN: failed to read browser request:
FORBIDDEN: failed to read browser request:FORBIDDEN: failed to read browser request:

FORBIDDEN: failed to read browser request:
FORBIDDEN: failed to read browser request:
FORBIDDEN: failed to read browser request:FORBIDDEN: failed to read browser request:

FORBIDDEN: failed to read browser request:
FORBIDDEN: failed to read browser request:
FORBIDDEN: failed to read browser request:
FORBIDDEN: failed to read browser request:
ERROR: system call:accept Errno=9 exiting pid=31097
ERROR: system call:accept Errno=9 exiting pid=31097
 INFO: request:GET /index.html HTTP/1.1**Host: localhost:2020**Connection: keep-alive**Cache-Control: max-age=0**Upgrade-Insecure-Requests: 1**DNT: 1**User-Agent: Mozilla/5.0 (Windows NT 10.0; Win64; x64) AppleWebKit/537.36 (KHTML, like Gecko) Chrome/80.0.3987.132 Safari/537.36**Sec-Fetch-Dest: document**Accept: text/html,application/xhtml+xml,application/xml;q=0.9,image/webp,image/apng,*/*;q=0.8,application/signed-exchange;v=b3;q=0.9**Sec-Fetch-Site: cross-site**Sec-Fetch-Mode: navigate**Sec-Fetch-User: ?1**Accept-Encoding: gzip, deflate, br**Accept-Language: en-US,en;q=0.9,he;q=0.8****:1
NOT FOUND: failed to open file:index.html
FORBIDDEN: failed to read browser request:
ERROR: system call:accept Errno=9 exiting pid=31097
FORBIDDEN: failed to read browser request:
FORBIDDEN: failed to read browser request:
ERROR: system call:accept Errno=9 exiting pid=31097
ERROR: system call:accept Errno=9 exiting pid=31097
FORBIDDEN: failed to read browser request:
FORBIDDEN: failed to read browser request:
ERROR: system call:accept Errno=9 exiting pid=31097
FORBIDDEN: failed to read browser request:
FORBIDDEN: failed to read browser request:
ERROR: system call:accept Errno=9 exiting pid=31097
FORBIDDEN: failed to read browser request:
FORBIDDEN: failed to read browser request:
ERROR: system call:accept Errno=9 exiting pid=31097
FORBIDDEN: failed to read browser request:
FORBIDDEN: failed to read browser request:
ERROR: system call:accept Errno=9 exiting pid=31097
ERROR: system call:accept Errno=9 exiting pid=31097
FORBIDDEN: failed to read browser request:
FORBIDDEN: failed to read browser request:
ERROR: system call:accept Errno=9 exiting pid=31097
ERROR: system call:accept Errno=9 exiting pid=31097
FORBIDDEN: failed to read browser request:FORBIDDEN: failed to read browser request:

ERROR: system call:accept Errno=9 exiting pid=31097
FORBIDDEN: failed to read browser request:
FORBIDDEN: failed to read browser request:
ERROR: system call:accept Errno=9 exiting pid=31097
ERROR: system call:accept Errno=9 exiting pid=31097
FORBIDDEN: failed to read browser request:
FORBIDDEN: failed to read browser request:
 INFO: nweb starting:2020:31410
FORBIDDEN: failed to read browser request:
FORBIDDEN: failed to read browser request:
FORBIDDEN: failed to read browser request:
FORBIDDEN: failed to read browser request:
FORBIDDEN: failed to read browser request:
FORBIDDEN: failed to read browser request:
FORBIDDEN: failed to read browser request:
FORBIDDEN: failed to read browser request:
FORBIDDEN: failed to read browser request:
FORBIDDEN: failed to read browser request:
FORBIDDEN: failed to read browser request:
FORBIDDEN: failed to read browser request:
FORBIDDEN: failed to read browser request:
FORBIDDEN: failed to read browser request:
FORBIDDEN: failed to read browser request:
FORBIDDEN: failed to read browser request:
FORBIDDEN: failed to read browser request:
FORBIDDEN: failed to read browser request:
FORBIDDEN: failed to read browser request:
FORBIDDEN: failed to read browser request:
FORBIDDEN: failed to read browser request:
FORBIDDEN: failed to read browser request:
FORBIDDEN: failed to read browser request:
FORBIDDEN: failed to read browser request:
FORBIDDEN: failed to read browser request:
FORBIDDEN: failed to read browser request:
FORBIDDEN: failed to read browser request:
FORBIDDEN: failed to read browser request:
FORBIDDEN: failed to read browser request:
FORBIDDEN: failed to read browser request:
FORBIDDEN: failed to read browser request:
FORBIDDEN: failed to read browser request:
FORBIDDEN: failed to read browser request:
FORBIDDEN: failed to read browser request:
FORBIDDEN: failed to read browser request:
FORBIDDEN: failed to read browser request:
FORBIDDEN: failed to read browser request:
FORBIDDEN: failed to read browser request:
FORBIDDEN: failed to read browser request:
FORBIDDEN: failed to read browser request:
ERROR: system call:accept Errno=9 exiting pid=31410
ERROR: system call:accept Errno=9 exiting pid=31410
 INFO: request:GET /index.htm HTTP/1.1**Host: localhost:2020**Connection: keep-alive**Cache-Control: max-age=0**Upgrade-Insecure-Requests: 1**DNT: 1**User-Agent: Mozilla/5.0 (Windows NT 10.0; Win64; x64) AppleWebKit/537.36 (KHTML, like Gecko) Chrome/80.0.3987.132 Safari/537.36**Sec-Fetch-Dest: document**Accept: text/html,application/xhtml+xml,application/xml;q=0.9,image/webp,image/apng,*/*;q=0.8,application/signed-exchange;v=b3;q=0.9**Sec-Fetch-Site: cross-site**Sec-Fetch-Mode: navigate**Sec-Fetch-User: ?1**Accept-Encoding: gzip, deflate, br**Accept-Language: en-US,en;q=0.9,he;q=0.8****:1
FORBIDDEN: failed to read browser request:
NOT FOUND: failed to open file:index.htm
ERROR: system call:accept Errno=9 exiting pid=31410
ERROR: system call:accept Errno=9 exiting pid=31410
FORBIDDEN: failed to read browser request:
FORBIDDEN: failed to read browser request:
ERROR: system call:accept Errno=9 exiting pid=31410
ERROR: system call:accept Errno=9 exiting pid=31410
FORBIDDEN: failed to read browser request:
FORBIDDEN: failed to read browser request:
FORBIDDEN: failed to read browser request:
FORBIDDEN: failed to read browser request:
FORBIDDEN: failed to read browser request:
FORBIDDEN: failed to read browser request:
FORBIDDEN: failed to read browser request:
FORBIDDEN: failed to read browser request:
FORBIDDEN: failed to read browser request:
FORBIDDEN: failed to read browser request:
FORBIDDEN: failed to read browser request:
FORBIDDEN: failed to read browser request:
FORBIDDEN: failed to read browser request:
FORBIDDEN: failed to read browser request:
FORBIDDEN: failed to read browser request:
FORBIDDEN: failed to read browser request:
FORBIDDEN: failed to read browser request:
FORBIDDEN: failed to read browser request:
FORBIDDEN: failed to read browser request:
FORBIDDEN: failed to read browser request:
FORBIDDEN: failed to read browser request:
FORBIDDEN: failed to read browser request:
FORBIDDEN: failed to read browser request:
FORBIDDEN: failed to read browser request:
FORBIDDEN: failed to read browser request:
FORBIDDEN: failed to read browser request:
FORBIDDEN: failed to read browser request:
FORBIDDEN: failed to read browser request:
FORBIDDEN: failed to read browser request:
FORBIDDEN: failed to read browser request:
FORBIDDEN: failed to read browser request:
FORBIDDEN: failed to read browser request:
FORBIDDEN: failed to read browser request:
FORBIDDEN: failed to read browser request:
FORBIDDEN: failed to read browser request:
FORBIDDEN: failed to read browser request:
FORBIDDEN: failed to read browser request:
FORBIDDEN: failed to read browser request:
FORBIDDEN: failed to read browser request:
FORBIDDEN: failed to read browser request:
FORBIDDEN: failed to read browser request:
FORBIDDEN: failed to read browser request:
FORBIDDEN: failed to read browser request:
FORBIDDEN: failed to read browser request:
FORBIDDEN: failed to read browser request:
FORBIDDEN: failed to read browser request:
FORBIDDEN: failed to read browser request:
FORBIDDEN: failed to read browser request:
FORBIDDEN: failed to read browser request:
FORBIDDEN: failed to read browser request:
FORBIDDEN: failed to read browser request:
FORBIDDEN: failed to read browser request:
FORBIDDEN: failed to read browser request:
FORBIDDEN: failed to read browser request:
FORBIDDEN: failed to read browser request:
FORBIDDEN: failed to read browser request:
FORBIDDEN: failed to read browser request:
FORBIDDEN: failed to read browser request:
FORBIDDEN: failed to read browser request:
FORBIDDEN: failed to read browser request:
FORBIDDEN: failed to read browser request:
FORBIDDEN: failed to read browser request:
FORBIDDEN: failed to read browser request:
FORBIDDEN: failed to read browser request:
FORBIDDEN: failed to read browser request:
FORBIDDEN: failed to read browser request:
FORBIDDEN: failed to read browser request:
FORBIDDEN: failed to read browser request:
FORBIDDEN: failed to read browser request:
FORBIDDEN: failed to read browser request:
FORBIDDEN: failed to read browser request:
FORBIDDEN: failed to read browser request:
FORBIDDEN: failed to read browser request:
FORBIDDEN: failed to read browser request:
FORBIDDEN: failed to read browser request:
FORBIDDEN: failed to read browser request:
FORBIDDEN: failed to read browser request:
FORBIDDEN: failed to read browser request:
FORBIDDEN: failed to read browser request:
FORBIDDEN: failed to read browser request:
FORBIDDEN: failed to read browser request:
FORBIDDEN: failed to read browser request:
FORBIDDEN: failed to read browser request:
FORBIDDEN: failed to read browser request:
FORBIDDEN: failed to read browser request:
FORBIDDEN: failed to read browser request:
FORBIDDEN: failed to read browser request:
FORBIDDEN: failed to read browser request:
 INFO: nweb starting:2020:31621
FORBIDDEN: failed to read browser request:
FORBIDDEN: failed to read browser request:
FORBIDDEN: failed to read browser request:
FORBIDDEN: failed to read browser request:
FORBIDDEN: failed to read browser request:
FORBIDDEN: failed to read browser request:
FORBIDDEN: failed to read browser request:
FORBIDDEN: failed to read browser request:
FORBIDDEN: failed to read browser request:
FORBIDDEN: failed to read browser request:
FORBIDDEN: failed to read browser request:
FORBIDDEN: failed to read browser request:
FORBIDDEN: failed to read browser request:
FORBIDDEN: failed to read browser request:
FORBIDDEN: failed to read browser request:
FORBIDDEN: failed to read browser request:
FORBIDDEN: failed to read browser request:
FORBIDDEN: failed to read browser request:
FORBIDDEN: failed to read browser request:
FORBIDDEN: failed to read browser request:
FORBIDDEN: failed to read browser request:
FORBIDDEN: failed to read browser request:
FORBIDDEN: failed to read browser request:
FORBIDDEN: failed to read browser request:
FORBIDDEN: failed to read browser request:
FORBIDDEN: failed to read browser request:
FORBIDDEN: failed to read browser request:
FORBIDDEN: failed to read browser request:
 INFO: nweb starting:2020:31777
FORBIDDEN: failed to read browser request:
FORBIDDEN: failed to read browser request:
FORBIDDEN: failed to read browser request:
FORBIDDEN: failed to read browser request:
 INFO: nweb starting:2020:31921
FORBIDDEN: failed to read browser request:
FORBIDDEN: failed to read browser request:
FORBIDDEN: failed to read browser request:
FORBIDDEN: failed to read browser request:
FORBIDDEN: failed to read browser request:
FORBIDDEN: failed to read browser request:
FORBIDDEN: failed to read browser request:
FORBIDDEN: failed to read browser request:
FORBIDDEN: failed to read browser request:
FORBIDDEN: failed to read browser request:
FORBIDDEN: failed to read browser request:
FORBIDDEN: failed to read browser request:
FORBIDDEN: failed to read browser request:
FORBIDDEN: failed to read browser request:
FORBIDDEN: failed to read browser request:
FORBIDDEN: failed to read browser request:
FORBIDDEN: failed to read browser request:
FORBIDDEN: failed to read browser request:
FORBIDDEN: failed to read browser request:
FORBIDDEN: failed to read browser request:
FORBIDDEN: failed to read browser request:
FORBIDDEN: failed to read browser request:
FORBIDDEN: failed to read browser request:
FORBIDDEN: failed to read browser request:
FORBIDDEN: failed to read browser request:
FORBIDDEN: failed to read browser request:
FORBIDDEN: failed to read browser request:
FORBIDDEN: failed to read browser request:
FORBIDDEN: failed to read browser request:
FORBIDDEN: failed to read browser request:
FORBIDDEN: failed to read browser request:
FORBIDDEN: failed to read browser request:
FORBIDDEN: failed to read browser request:
FORBIDDEN: failed to read browser request:
FORBIDDEN: failed to read browser request:
FORBIDDEN: failed to read browser request:
FORBIDDEN: failed to read browser request:
FORBIDDEN: failed to read browser request:
FORBIDDEN: failed to read browser request:
FORBIDDEN: failed to read browser request:
FORBIDDEN: failed to read browser request:
FORBIDDEN: failed to read browser request:
FORBIDDEN: failed to read browser request:FORBIDDEN: failed to read browser request:

FORBIDDEN: failed to read browser request:
FORBIDDEN: failed to read browser request:
FORBIDDEN: failed to read browser request:
FORBIDDEN: failed to read browser request:
FORBIDDEN: failed to read browser request:
FORBIDDEN: failed to read browser request:
FORBIDDEN: failed to read browser request:
FORBIDDEN: failed to read browser request:
FORBIDDEN: failed to read browser request:
FORBIDDEN: failed to read browser request:
FORBIDDEN: failed to read browser request:
FORBIDDEN: failed to read browser request:
FORBIDDEN: failed to read browser request:
FORBIDDEN: failed to read browser request:
FORBIDDEN: failed to read browser request:
FORBIDDEN: failed to read browser request:
FORBIDDEN: failed to read browser request:FORBIDDEN: failed to read browser request:

FORBIDDEN: failed to read browser request:FORBIDDEN: failed to read browser request:

FORBIDDEN: failed to read browser request:
FORBIDDEN: failed to read browser request:
FORBIDDEN: failed to read browser request:
FORBIDDEN: failed to read browser request:
FORBIDDEN: failed to read browser request:
FORBIDDEN: failed to read browser request:
FORBIDDEN: failed to read browser request:
FORBIDDEN: failed to read browser request:
FORBIDDEN: failed to read browser request:
FORBIDDEN: failed to read browser request:
FORBIDDEN: failed to read browser request:
FORBIDDEN: failed to read browser request:
FORBIDDEN: failed to read browser request:
FORBIDDEN: failed to read browser request:
FORBIDDEN: failed to read browser request:
FORBIDDEN: failed to read browser request:
FORBIDDEN: failed to read browser request:
FORBIDDEN: failed to read browser request:
FORBIDDEN: failed to read browser request:
FORBIDDEN: failed to read browser request:
FORBIDDEN: failed to read browser request:
FORBIDDEN: failed to read browser request:
 INFO: nweb starting:2020:32232
FORBIDDEN: failed to read browser request:
FORBIDDEN: failed to read browser request:
FORBIDDEN: failed to read browser request:
FORBIDDEN: failed to read browser request:
FORBIDDEN: failed to read browser request:
FORBIDDEN: failed to read browser request:
FORBIDDEN: failed to read browser request:
FORBIDDEN: failed to read browser request:
FORBIDDEN: failed to read browser request:
FORBIDDEN: failed to read browser request:
FORBIDDEN: failed to read browser request:
FORBIDDEN: failed to read browser request:
FORBIDDEN: failed to read browser request:
FORBIDDEN: failed to read browser request:
FORBIDDEN: failed to read browser request:
FORBIDDEN: failed to read browser request:
FORBIDDEN: failed to read browser request:
FORBIDDEN: failed to read browser request:
FORBIDDEN: failed to read browser request:
FORBIDDEN: failed to read browser request:
FORBIDDEN: failed to read browser request:
FORBIDDEN: failed to read browser request:
FORBIDDEN: failed to read browser request:
FORBIDDEN: failed to read browser request:
FORBIDDEN: failed to read browser request:
FORBIDDEN: failed to read browser request:
FORBIDDEN: failed to read browser request:
FORBIDDEN: failed to read browser request:
FORBIDDEN: failed to read browser request:
FORBIDDEN: failed to read browser request:
FORBIDDEN: failed to read browser request:
FORBIDDEN: failed to read browser request:
FORBIDDEN: failed to read browser request:
FORBIDDEN: failed to read browser request:
 INFO: nweb starting:2020:32455
FORBIDDEN: failed to read browser request:
FORBIDDEN: failed to read browser request:
 INFO: nweb starting:2020:351
FORBIDDEN: failed to read browser request:
FORBIDDEN: failed to read browser request:
FORBIDDEN: failed to read browser request:
FORBIDDEN: failed to read browser request:
FORBIDDEN: failed to read browser request:
FORBIDDEN: failed to read browser request:
FORBIDDEN: failed to read browser request:
FORBIDDEN: failed to read browser request:
FORBIDDEN: failed to read browser request:
FORBIDDEN: failed to read browser request:
FORBIDDEN: failed to read browser request:
FORBIDDEN: failed to read browser request:
FORBIDDEN: failed to read browser request:
FORBIDDEN: failed to read browser request:
FORBIDDEN: failed to read browser request:
FORBIDDEN: failed to read browser request:
FORBIDDEN: failed to read browser request:
FORBIDDEN: failed to read browser request:
FORBIDDEN: failed to read browser request:
FORBIDDEN: failed to read browser request:
FORBIDDEN: failed to read browser request:
FORBIDDEN: failed to read browser request:
FORBIDDEN: failed to read browser request:
FORBIDDEN: failed to read browser request:
FORBIDDEN: failed to read browser request:
FORBIDDEN: failed to read browser request:
FORBIDDEN: failed to read browser request:
FORBIDDEN: failed to read browser request:
FORBIDDEN: failed to read browser request:
FORBIDDEN: failed to read browser request:
FORBIDDEN: failed to read browser request:
FORBIDDEN: failed to read browser request:
FORBIDDEN: failed to read browser request:
FORBIDDEN: failed to read browser request:
FORBIDDEN: failed to read browser request:
FORBIDDEN: failed to read browser request:
FORBIDDEN: failed to read browser request:
FORBIDDEN: failed to read browser request:
FORBIDDEN: failed to read browser request:
FORBIDDEN: failed to read browser request:
FORBIDDEN: failed to read browser request:
FORBIDDEN: failed to read browser request:
FORBIDDEN: failed to read browser request:
FORBIDDEN: failed to read browser request:
FORBIDDEN: failed to read browser request:
FORBIDDEN: failed to read browser request:
FORBIDDEN: failed to read browser request:
FORBIDDEN: failed to read browser request:
FORBIDDEN: failed to read browser request:
FORBIDDEN: failed to read browser request:
FORBIDDEN: failed to read browser request:
FORBIDDEN: failed to read browser request:
FORBIDDEN: failed to read browser request:
FORBIDDEN: failed to read browser request:
FORBIDDEN: failed to read browser request:
FORBIDDEN: failed to read browser request:
 INFO: nweb starting:2020:1051
FORBIDDEN: failed to read browser request:
FORBIDDEN: failed to read browser request:
FORBIDDEN: failed to read browser request:
FORBIDDEN: failed to read browser request:
FORBIDDEN: failed to read browser request:
FORBIDDEN: failed to read browser request:
FORBIDDEN: failed to read browser request:
FORBIDDEN: failed to read browser request:
FORBIDDEN: failed to read browser request:
FORBIDDEN: failed to read browser request:
FORBIDDEN: failed to read browser request:
FORBIDDEN: failed to read browser request:
FORBIDDEN: failed to read browser request:
FORBIDDEN: failed to read browser request:
FORBIDDEN: failed to read browser request:
FORBIDDEN: failed to read browser request:
FORBIDDEN: failed to read browser request:
FORBIDDEN: failed to read browser request:
